===== Системная информация (2025-08-21 21:18:18) =====

⏱ Uptime:
 21:18:18 up 25 min,  1 user,  load average: 0.01, 0.02, 0.00

🚀 Время запуска системы:
2025-08-21 20:52:47

💻 Версия ОС:
Ubuntu 22.04.5 LTS

🖥 CPU Idle (%):
97.36%

💾 Использование памяти:
               total        used        free      shared  buff/cache   available
Mem:           7.7Gi       1.9Gi       5.4Gi       3.0Mi       407Mi       5.5Gi
Swap:          2.0Gi          0B       2.0Gi

💽 Использование дисков:
Filesystem  Size   Used  Avail  Use%  Mounted                                              on
none        3.9G   4.0K  3.9G   1%    /mnt/wsl                                             
drivers     476G   325G  151G   69%   /usr/lib/wsl/drivers                                 
none        3.9G   0     3.9G   0%    /usr/lib/modules                                     
none        3.9G   0     3.9G   0%    /usr/lib/modules/5.15.153.1-microsoft-standard-WSL2  
/dev/sdc    1007G  38G   918G   4%    /                                                    
none        3.9G   80K   3.9G   1%    /mnt/wslg                                            
none        3.9G   0     3.9G   0%    /usr/lib/wsl/lib                                     
rootfs      3.9G   2.1M  3.9G   1%    /init                                                
none        3.9G   860K  3.9G   1%    /run                                                 
none        3.9G   0     3.9G   0%    /run/lock                                            
none        3.9G   0     3.9G   0%    /run/shm                                             
tmpfs       4.0M   0     4.0M   0%    /sys/fs/cgroup                                       
none        3.9G   76K   3.9G   1%    /mnt/wslg/versions.txt                               
none        3.9G   76K   3.9G   1%    /mnt/wslg/doc                                        
C:\         476G   325G  151G   69%   /mnt/c                                               
tmpfs       3.9G   0     3.9G   0%    /run/qemu                                            

🌡 Температура CPU:
sensors не установлен (установите пакет lm-sensors)

🎮 Температура GPU:
NVIDIA GeForce GTX 1650, 45

===== Конец отчёта =====

